============================= test session starts =============================
platform win32 -- Python 3.12.4, pytest-9.1.1, pluggy-1.6.0 -- C:\Users\sayan\Documents\zecpath-ai-system\venv\Scripts\python.exe
cachedir: .pytest_cache
rootdir: C:\Users\sayan\Documents\zecpath-ai-system\day5_extraction
configfile: pytest.ini
collecting ... collected 4 items

tests/test_extraction.py::test_pdf_extraction PASSED                     [ 25%]
tests/test_extraction.py::test_docx_extraction PASSED                    [ 50%]
tests/test_extraction.py::test_bullet_normalization PASSED               [ 75%]
tests/test_extraction.py::test_section_normalization PASSED              [100%]

============================== 4 passed in 0.39s ==============================
