============================= test session starts =============================
platform win32 -- Python 3.12.4, pytest-9.1.1, pluggy-1.6.0 -- C:\Users\sayan\Documents\zecpath-ai-system\.venv\Scripts\python.exe
cachedir: .pytest_cache
rootdir: C:\Users\sayan\Documents\zecpath-ai-system\day7_ai_data_pipeline
configfile: pytest.ini
collecting ... collected 6 items

tests/test_pipeline.py::test_metadata_creation PASSED                    [ 16%]
tests/test_pipeline.py::test_resume_storage PASSED                       [ 33%]
tests/test_pipeline.py::test_profile_storage PASSED                      [ 50%]
tests/test_pipeline.py::test_ats_score_storage PASSED                    [ 66%]
tests/test_pipeline.py::test_screening_report_storage PASSED             [ 83%]
tests/test_pipeline.py::test_interview_result_storage PASSED             [100%]

============================== 6 passed in 0.03s ==============================
