============================= test session starts =============================
platform win32 -- Python 3.12.4, pytest-9.1.1, pluggy-1.6.0 -- C:\Users\sayan\Documents\zecpath-ai-system\venv\Scripts\python.exe
cachedir: .pytest_cache
rootdir: C:\Users\sayan\Documents\zecpath-ai-system\day6_jd_parser
configfile: pytest.ini
collecting ... collected 6 items

tests/test_jd_parser.py::test_text_cleaning PASSED                       [ 16%]
tests/test_jd_parser.py::test_skill_normalization PASSED                 [ 33%]
tests/test_jd_parser.py::test_skill_list_normalization PASSED            [ 50%]
tests/test_jd_parser.py::test_role_normalization PASSED                  [ 66%]
tests/test_jd_parser.py::test_experience_normalization PASSED            [ 83%]
tests/test_jd_parser.py::test_jd_profile_creation PASSED                 [100%]

============================== 6 passed in 0.03s ==============================
